#
# There is insufficient memory for the Java Runtime Environment to continue.
# Native memory allocation (malloc) failed to allocate 1713168 bytes for Chunk::new
# Possible reasons:
#   The system is out of physical RAM or swap space
#   The process is running with CompressedOops enabled, and the Java Heap may be blocking the growth of the native heap
# Possible solutions:
#   Reduce memory load on the system
#   Increase physical memory or swap space
#   Check if swap backing store is full
#   Decrease Java heap size (-Xmx/-Xms)
#   Decrease number of Java threads
#   Decrease Java thread stack sizes (-Xss)
#   Set larger code cache with -XX:ReservedCodeCacheSize=
#   JVM is running with Unscaled Compressed Oops mode in which the Java heap is
#     placed in the first 4GB address space. The Java Heap base address is the
#     maximum limit for the native heap growth. Please use -XX:HeapBaseMinAddress
#     to set the Java Heap base and to place the Java Heap above 4GB virtual address.
# This output file may be truncated or incomplete.
#
#  Out of Memory Error (allocation.cpp:390), pid=24572, tid=0x0000000000007230
#
# JRE version: Java(TM) SE Runtime Environment (8.0_192-b12) (build 1.8.0_192-b12)
# Java VM: Java HotSpot(TM) 64-Bit Server VM (25.192-b12 mixed mode windows-amd64 compressed oops)
# Failed to write core dump. Minidumps are not enabled by default on client versions of Windows
#

---------------  T H R E A D  ---------------

Current thread (0x000000001899b800):  JavaThread "C2 CompilerThread0" daemon [_thread_in_native, id=29232, stack(0x0000000019070000,0x0000000019170000)]

Stack: [0x0000000019070000,0x0000000019170000]
[error occurred during error reporting (printing stack bounds), id 0xc0000005]

Native frames: (J=compiled Java code, j=interpreted, Vv=VM code, C=native code)


Current CompileTask:
C2:   8048 6094   !   4       java.net.URLClassLoader$1::run (63 bytes)


---------------  P R O C E S S  ---------------

Java Threads: ( => current thread )
  0x0000000018a40800 JavaThread "Service Thread" daemon [_thread_blocked, id=19964, stack(0x0000000019370000,0x0000000019470000)]
  0x00000000189aa000 JavaThread "C1 CompilerThread2" daemon [_thread_in_native, id=25148, stack(0x0000000019270000,0x0000000019370000)]
  0x00000000189a0800 JavaThread "C2 CompilerThread1" daemon [_thread_in_native, id=18220, stack(0x0000000019170000,0x0000000019270000)]
=>0x000000001899b800 JavaThread "C2 CompilerThread0" daemon [_thread_in_native, id=29232, stack(0x0000000019070000,0x0000000019170000)]
  0x0000000018990000 JavaThread "Monitor Ctrl-Break" daemon [_thread_in_native, id=984, stack(0x0000000018f70000,0x0000000019070000)]
  0x00000000175c0000 JavaThread "Attach Listener" daemon [_thread_blocked, id=22612, stack(0x0000000018e70000,0x0000000018f70000)]
  0x0000000018978800 JavaThread "Signal Dispatcher" daemon [_thread_blocked, id=21664, stack(0x0000000018d70000,0x0000000018e70000)]
  0x0000000002acb000 JavaThread "Finalizer" daemon [_thread_blocked, id=4472, stack(0x0000000018810000,0x0000000018910000)]
  0x0000000002ac2000 JavaThread "Reference Handler" daemon [_thread_blocked, id=21920, stack(0x0000000018710000,0x0000000018810000)]
  0x000000000242e000 JavaThread "main" [_thread_in_Java, id=17920, stack(0x00000000027a0000,0x00000000028a0000)]

Other Threads:
  0x0000000017577800 VMThread [stack: 0x0000000018610000,0x0000000018710000] [id=15984]
  0x0000000018a46800 WatcherThread [stack: 0x0000000019470000,0x0000000019570000] [id=17856]

VM state:not at safepoint (normal execution)

VM Mutex/Monitor currently owned by a thread: None

heap address: 0x0000000082600000, size: 2010 MB, Compressed Oops mode: 32-bit
Narrow klass base: 0x0000000000000000, Narrow klass shift: 3
Compressed class space size: 1073741824 Address: 0x0000000100000000

Heap:
 PSYoungGen      total 178688K, used 100900K [0x00000000d6200000, 0x00000000e8100000, 0x0000000100000000)
  eden space 162816K, 52% used [0x00000000d6200000,0x00000000db50eb18,0x00000000e0100000)
  from space 15872K, 99% used [0x00000000e7180000,0x00000000e80fa630,0x00000000e8100000)
  to   space 18432K, 0% used [0x00000000e5d00000,0x00000000e5d00000,0x00000000e6f00000)
 ParOldGen       total 88064K, used 21107K [0x0000000082600000, 0x0000000087c00000, 0x00000000d6200000)
  object space 88064K, 23% used [0x0000000082600000,0x0000000083a9cee8,0x0000000087c00000)
 Metaspace       used 28560K, capacity 29410K, committed 29696K, reserved 1075200K
  class space    used 3253K, capacity 3504K, committed 3584K, reserved 1048576K

Card table byte_map: [0x0000000011e90000,0x0000000012280000] byte_map_base: 0x0000000011a7d000

Marking Bits: (ParMarkBitMap*) 0x000000006d653ce0
 Begin Bits: [0x0000000012920000, 0x0000000014888000)
 End Bits:   [0x0000000014888000, 0x00000000167f0000)

Polling page: 0x00000000007d0000

CodeCache: size=245760Kb used=20342Kb max_used=20995Kb free=225417Kb
 bounds [0x0000000002ad0000, 0x0000000003f80000, 0x0000000011ad0000]
 total_blobs=5953 nmethods=5501 adapters=364
 compilation: enabled

Compilation events (10 events):
Event: 8.019 Thread 0x00000000189aa000 6211       3       org.codehaus.plexus.util.xml.pull.MXParser::parseXmlDecl (268 bytes)
Event: 8.020 Thread 0x00000000189aa000 nmethod 6211 0x00000000037edc50 code [0x00000000037ee080, 0x00000000037f0428]
Event: 8.020 Thread 0x00000000189aa000 6212       3       org.apache.maven.model.io.xpp3.MavenXpp3Reader::parseProfile (717 bytes)
Event: 8.023 Thread 0x00000000189aa000 nmethod 6212 0x00000000033da950 code [0x00000000033db1c0, 0x00000000033dfc28]
Event: 8.029 Thread 0x00000000189aa000 6213   !   3       org.codehaus.plexus.util.xml.pull.MXParser::parsePI (687 bytes)
Event: 8.031 Thread 0x00000000189aa000 nmethod 6213 0x00000000036f7510 code [0x00000000036f78a0, 0x00000000036f98d8]
Event: 8.035 Thread 0x00000000189aa000 6214       3       org.apache.maven.model.merge.ModelMerger::mergeRepositoryBase_Layout (43 bytes)
Event: 8.036 Thread 0x00000000189aa000 nmethod 6214 0x0000000002d37390 code [0x0000000002d37560, 0x0000000002d380b8]
Event: 8.043 Thread 0x00000000189aa000 6215   !   3       org.apache.maven.model.License::clone (73 bytes)
Event: 8.044 Thread 0x00000000189aa000 nmethod 6215 0x000000000375e9d0 code [0x000000000375ec20, 0x000000000375fbf8]

GC Heap History (10 events):
Event: 1.878 GC heap before
{Heap before GC invocations=3 (full 0):
 PSYoungGen      total 70656K, used 70647K [0x00000000d6200000, 0x00000000dac00000, 0x0000000100000000)
  eden space 65536K, 100% used [0x00000000d6200000,0x00000000da200000,0x00000000da200000)
  from space 5120K, 99% used [0x00000000da700000,0x00000000dabfddb8,0x00000000dac00000)
  to   space 5120K, 0% used [0x00000000da200000,0x00000000da200000,0x00000000da700000)
 ParOldGen       total 86016K, used 1269K [0x0000000082600000, 0x0000000087a00000, 0x00000000d6200000)
  object space 86016K, 1% used [0x0000000082600000,0x000000008273d5e8,0x0000000087a00000)
 Metaspace       used 15650K, capacity 15962K, committed 16128K, reserved 1062912K
  class space    used 1884K, capacity 1977K, committed 2048K, reserved 1048576K
Event: 1.903 GC heap after
Heap after GC invocations=3 (full 0):
 PSYoungGen      total 70656K, used 5096K [0x00000000d6200000, 0x00000000dec00000, 0x0000000100000000)
  eden space 65536K, 0% used [0x00000000d6200000,0x00000000d6200000,0x00000000da200000)
  from space 5120K, 99% used [0x00000000da200000,0x00000000da6fa040,0x00000000da700000)
  to   space 5120K, 0% used [0x00000000de700000,0x00000000de700000,0x00000000dec00000)
 ParOldGen       total 86016K, used 10427K [0x0000000082600000, 0x0000000087a00000, 0x00000000d6200000)
  object space 86016K, 12% used [0x0000000082600000,0x000000008302ef00,0x0000000087a00000)
 Metaspace       used 15650K, capacity 15962K, committed 16128K, reserved 1062912K
  class space    used 1884K, capacity 1977K, committed 2048K, reserved 1048576K
}
Event: 2.576 GC heap before
{Heap before GC invocations=4 (full 0):
 PSYoungGen      total 70656K, used 70632K [0x00000000d6200000, 0x00000000dec00000, 0x0000000100000000)
  eden space 65536K, 100% used [0x00000000d6200000,0x00000000da200000,0x00000000da200000)
  from space 5120K, 99% used [0x00000000da200000,0x00000000da6fa040,0x00000000da700000)
  to   space 5120K, 0% used [0x00000000de700000,0x00000000de700000,0x00000000dec00000)
 ParOldGen       total 86016K, used 10427K [0x0000000082600000, 0x0000000087a00000, 0x00000000d6200000)
  object space 86016K, 12% used [0x0000000082600000,0x000000008302ef00,0x0000000087a00000)
 Metaspace       used 16824K, capacity 17124K, committed 17280K, reserved 1064960K
  class space    used 2005K, capacity 2084K, committed 2176K, reserved 1048576K
Event: 2.596 GC heap after
Heap after GC invocations=4 (full 0):
 PSYoungGen      total 136192K, used 5112K [0x00000000d6200000, 0x00000000dec00000, 0x0000000100000000)
  eden space 131072K, 0% used [0x00000000d6200000,0x00000000d6200000,0x00000000de200000)
  from space 5120K, 99% used [0x00000000de700000,0x00000000debfe030,0x00000000dec00000)
  to   space 5120K, 0% used [0x00000000de200000,0x00000000de200000,0x00000000de700000)
 ParOldGen       total 86016K, used 17709K [0x0000000082600000, 0x0000000087a00000, 0x00000000d6200000)
  object space 86016K, 20% used [0x0000000082600000,0x000000008374b748,0x0000000087a00000)
 Metaspace       used 16824K, capacity 17124K, committed 17280K, reserved 1064960K
  class space    used 2005K, capacity 2084K, committed 2176K, reserved 1048576K
}
Event: 3.437 GC heap before
{Heap before GC invocations=5 (full 0):
 PSYoungGen      total 136192K, used 78551K [0x00000000d6200000, 0x00000000dec00000, 0x0000000100000000)
  eden space 131072K, 56% used [0x00000000d6200000,0x00000000da9b7cc8,0x00000000de200000)
  from space 5120K, 99% used [0x00000000de700000,0x00000000debfe030,0x00000000dec00000)
  to   space 5120K, 0% used [0x00000000de200000,0x00000000de200000,0x00000000de700000)
 ParOldGen       total 86016K, used 17709K [0x0000000082600000, 0x0000000087a00000, 0x00000000d6200000)
  object space 86016K, 20% used [0x0000000082600000,0x000000008374b748,0x0000000087a00000)
 Metaspace       used 20523K, capacity 21086K, committed 21296K, reserved 1069056K
  class space    used 2455K, capacity 2593K, committed 2688K, reserved 1048576K
Event: 3.464 GC heap after
Heap after GC invocations=5 (full 0):
 PSYoungGen      total 136192K, used 5096K [0x00000000d6200000, 0x00000000e8100000, 0x0000000100000000)
  eden space 131072K, 0% used [0x00000000d6200000,0x00000000d6200000,0x00000000de200000)
  from space 5120K, 99% used [0x00000000de200000,0x00000000de6fa020,0x00000000de700000)
  to   space 15872K, 0% used [0x00000000e7180000,0x00000000e7180000,0x00000000e8100000)
 ParOldGen       total 86016K, used 22712K [0x0000000082600000, 0x0000000087a00000, 0x00000000d6200000)
  object space 86016K, 26% used [0x0000000082600000,0x0000000083c2e388,0x0000000087a00000)
 Metaspace       used 20523K, capacity 21086K, committed 21296K, reserved 1069056K
  class space    used 2455K, capacity 2593K, committed 2688K, reserved 1048576K
}
Event: 3.464 GC heap before
{Heap before GC invocations=6 (full 1):
 PSYoungGen      total 136192K, used 5096K [0x00000000d6200000, 0x00000000e8100000, 0x0000000100000000)
  eden space 131072K, 0% used [0x00000000d6200000,0x00000000d6200000,0x00000000de200000)
  from space 5120K, 99% used [0x00000000de200000,0x00000000de6fa020,0x00000000de700000)
  to   space 15872K, 0% used [0x00000000e7180000,0x00000000e7180000,0x00000000e8100000)
 ParOldGen       total 86016K, used 22712K [0x0000000082600000, 0x0000000087a00000, 0x00000000d6200000)
  object space 86016K, 26% used [0x0000000082600000,0x0000000083c2e388,0x0000000087a00000)
 Metaspace       used 20523K, capacity 21086K, committed 21296K, reserved 1069056K
  class space    used 2455K, capacity 2593K, committed 2688K, reserved 1048576K
Event: 3.705 GC heap after
Heap after GC invocations=6 (full 1):
 PSYoungGen      total 136192K, used 0K [0x00000000d6200000, 0x00000000e8100000, 0x0000000100000000)
  eden space 131072K, 0% used [0x00000000d6200000,0x00000000d6200000,0x00000000de200000)
  from space 5120K, 0% used [0x00000000de200000,0x00000000de200000,0x00000000de700000)
  to   space 15872K, 0% used [0x00000000e7180000,0x00000000e7180000,0x00000000e8100000)
 ParOldGen       total 88064K, used 20943K [0x0000000082600000, 0x0000000087c00000, 0x00000000d6200000)
  object space 88064K, 23% used [0x0000000082600000,0x0000000083a73c50,0x0000000087c00000)
 Metaspace       used 20523K, capacity 21086K, committed 21296K, reserved 1069056K
  class space    used 2455K, capacity 2593K, committed 2688K, reserved 1048576K
}
Event: 6.099 GC heap before
{Heap before GC invocations=7 (full 1):
 PSYoungGen      total 136192K, used 131072K [0x00000000d6200000, 0x00000000e8100000, 0x0000000100000000)
  eden space 131072K, 100% used [0x00000000d6200000,0x00000000de200000,0x00000000de200000)
  from space 5120K, 0% used [0x00000000de200000,0x00000000de200000,0x00000000de700000)
  to   space 15872K, 0% used [0x00000000e7180000,0x00000000e7180000,0x00000000e8100000)
 ParOldGen       total 88064K, used 20943K [0x0000000082600000, 0x0000000087c00000, 0x00000000d6200000)
  object space 88064K, 23% used [0x0000000082600000,0x0000000083a73c50,0x0000000087c00000)
 Metaspace       used 25763K, capacity 26570K, committed 26880K, reserved 1073152K
  class space    used 2998K, capacity 3201K, committed 3328K, reserved 1048576K
Event: 6.128 GC heap after
Heap after GC invocations=7 (full 1):
 PSYoungGen      total 178688K, used 15849K [0x00000000d6200000, 0x00000000e8100000, 0x0000000100000000)
  eden space 162816K, 0% used [0x00000000d6200000,0x00000000d6200000,0x00000000e0100000)
  from space 15872K, 99% used [0x00000000e7180000,0x00000000e80fa630,0x00000000e8100000)
  to   space 18432K, 0% used [0x00000000e5d00000,0x00000000e5d00000,0x00000000e6f00000)
 ParOldGen       total 88064K, used 21107K [0x0000000082600000, 0x0000000087c00000, 0x00000000d6200000)
  object space 88064K, 23% used [0x0000000082600000,0x0000000083a9cee8,0x0000000087c00000)
 Metaspace       used 25763K, capacity 26570K, committed 26880K, reserved 1073152K
  class space    used 2998K, capacity 3201K, committed 3328K, reserved 1048576K
}

Deoptimization events (10 events):
Event: 7.829 Thread 0x000000000242e000 Uncommon trap: reason=array_check action=maybe_recompile pc=0x0000000003f5870c method=java.util.TimSort.binarySort([Ljava/lang/Object;IIILjava/util/Comparator;)V @ 193
Event: 7.829 Thread 0x000000000242e000 Uncommon trap: reason=array_check action=maybe_recompile pc=0x0000000003f58648 method=java.util.TimSort.binarySort([Ljava/lang/Object;IIILjava/util/Comparator;)V @ 215
Event: 7.829 Thread 0x000000000242e000 Uncommon trap: reason=array_check action=maybe_recompile pc=0x0000000003f5870c method=java.util.TimSort.binarySort([Ljava/lang/Object;IIILjava/util/Comparator;)V @ 193
Event: 7.844 Thread 0x000000000242e000 Uncommon trap: reason=array_check action=maybe_recompile pc=0x0000000003f58648 method=java.util.TimSort.binarySort([Ljava/lang/Object;IIILjava/util/Comparator;)V @ 215
Event: 7.867 Thread 0x000000000242e000 Uncommon trap: reason=unstable_if action=reinterpret pc=0x0000000002ffbb14 method=com.google.inject.internal.MoreTypes.canonicalize(Ljava/lang/reflect/Type;)Ljava/lang/reflect/Type; @ 16
Event: 7.867 Thread 0x000000000242e000 Uncommon trap: reason=class_check action=maybe_recompile pc=0x0000000002fe1cec method=com.google.inject.internal.MoreTypes.getRawType(Ljava/lang/reflect/Type;)Ljava/lang/Class; @ 13
Event: 7.868 Thread 0x000000000242e000 Uncommon trap: reason=unstable_if action=reinterpret pc=0x0000000002fea68c method=com.google.inject.internal.MoreTypes.canonicalize(Ljava/lang/reflect/Type;)Ljava/lang/reflect/Type; @ 16
Event: 7.868 Thread 0x000000000242e000 Uncommon trap: reason=class_check action=maybe_recompile pc=0x0000000002fe1cec method=com.google.inject.internal.MoreTypes.getRawType(Ljava/lang/reflect/Type;)Ljava/lang/Class; @ 13
Event: 7.868 Thread 0x000000000242e000 Uncommon trap: reason=class_check action=maybe_recompile pc=0x0000000002fe1cec method=com.google.inject.internal.MoreTypes.getRawType(Ljava/lang/reflect/Type;)Ljava/lang/Class; @ 13
Event: 7.876 Thread 0x000000000242e000 Uncommon trap: reason=class_check action=maybe_recompile pc=0x0000000002fe1cec method=com.google.inject.internal.MoreTypes.getRawType(Ljava/lang/reflect/Type;)Ljava/lang/Class; @ 13

Classes redefined (0 events):
No events

Internal exceptions (10 events):
Event: 5.680 Thread 0x000000000242e000 Implicit null exception at 0x0000000003295621 to 0x00000000032956e7
Event: 5.680 Thread 0x000000000242e000 Exception <a 'java/lang/NullPointerException'> (0x00000000dbb4d080) thrown at [C:\workspace\8-2-build-windows-amd64-cygwin\jdk8u192\11897\hotspot\src\share\vm\runtime\sharedRuntime.cpp, line 605]
Event: 5.684 Thread 0x000000000242e000 Implicit null exception at 0x0000000003295621 to 0x00000000032956e7
Event: 5.684 Thread 0x000000000242e000 Exception <a 'java/lang/NullPointerException'> (0x00000000dbb77050) thrown at [C:\workspace\8-2-build-windows-amd64-cygwin\jdk8u192\11897\hotspot\src\share\vm\runtime\sharedRuntime.cpp, line 605]
Event: 5.688 Thread 0x000000000242e000 Implicit null exception at 0x0000000003295621 to 0x00000000032956e7
Event: 5.688 Thread 0x000000000242e000 Exception <a 'java/lang/NullPointerException'> (0x00000000dbbc2bb0) thrown at [C:\workspace\8-2-build-windows-amd64-cygwin\jdk8u192\11897\hotspot\src\share\vm\runtime\sharedRuntime.cpp, line 605]
Event: 5.689 Thread 0x000000000242e000 Implicit null exception at 0x0000000003295621 to 0x00000000032956e7
Event: 5.689 Thread 0x000000000242e000 Exception <a 'java/lang/NullPointerException'> (0x00000000dbbf8540) thrown at [C:\workspace\8-2-build-windows-amd64-cygwin\jdk8u192\11897\hotspot\src\share\vm\runtime\sharedRuntime.cpp, line 605]
Event: 6.434 Thread 0x000000000242e000 Exception <a 'java/io/FileNotFoundException'> (0x00000000d7a0c558) thrown at [C:\workspace\8-2-build-windows-amd64-cygwin\jdk8u192\11897\hotspot\src\share\vm\prims\jni.cpp, line 709]
Event: 7.900 Thread 0x000000000242e000 Exception <a 'java/lang/NoSuchMethodError': org.apache.maven.execution.MavenExecutionRequest.getFailureBehavior()Ljava/lang/String;> (0x00000000da62a798) thrown at [C:\workspace\8-2-build-windows-amd64-cygwin\jdk8u192\11897\hotspot\src\share\vm\interprete

Events (10 events):
Event: 8.034 Thread 0x000000000242e000 DEOPT PACKING pc=0x000000000350ab7c sp=0x000000000289bd50
Event: 8.034 Thread 0x000000000242e000 DEOPT UNPACKING pc=0x0000000002b17890 sp=0x000000000289bb68 mode 0
Event: 8.034 Thread 0x000000000242e000 DEOPT PACKING pc=0x000000000350ab7c sp=0x000000000289bc20
Event: 8.034 Thread 0x000000000242e000 DEOPT UNPACKING pc=0x0000000002b17890 sp=0x000000000289ba38 mode 0
Event: 8.034 Thread 0x000000000242e000 DEOPT PACKING pc=0x000000000350ab7c sp=0x000000000289bd00
Event: 8.034 Thread 0x000000000242e000 DEOPT UNPACKING pc=0x0000000002b17890 sp=0x000000000289bb18 mode 0
Event: 8.034 Thread 0x000000000242e000 DEOPT PACKING pc=0x000000000350ab7c sp=0x000000000289bda0
Event: 8.034 Thread 0x000000000242e000 DEOPT UNPACKING pc=0x0000000002b17890 sp=0x000000000289bbb8 mode 0
Event: 8.034 Thread 0x000000000242e000 DEOPT PACKING pc=0x000000000350ab7c sp=0x000000000289bbc0
Event: 8.034 Thread 0x000000000242e000 DEOPT UNPACKING pc=0x0000000002b17890 sp=0x000000000289b9d8 mode 0


Dynamic libraries:
0x00007ff6357a0000 - 0x00007ff6357d7000 	D:\java\jdk1.8.0_192\bin\java.exe
0x00007ffee7250000 - 0x00007ffee7431000 	C:\WINDOWS\SYSTEM32\ntdll.dll
0x00007ffee46e0000 - 0x00007ffee4791000 	C:\WINDOWS\System32\KERNEL32.DLL
0x00007ffee3620000 - 0x00007ffee3893000 	C:\WINDOWS\System32\KERNELBASE.dll
0x00007ffee6f30000 - 0x00007ffee6fd1000 	C:\WINDOWS\System32\ADVAPI32.dll
0x00007ffee6e90000 - 0x00007ffee6f2e000 	C:\WINDOWS\System32\msvcrt.dll
0x00007ffee6450000 - 0x00007ffee64ab000 	C:\WINDOWS\System32\sechost.dll
0x00007ffee62c0000 - 0x00007ffee63e4000 	C:\WINDOWS\System32\RPCRT4.dll
0x00007ffee6d00000 - 0x00007ffee6e90000 	C:\WINDOWS\System32\USER32.dll
0x00007ffee3950000 - 0x00007ffee3970000 	C:\WINDOWS\System32\win32u.dll
0x00007ffee63f0000 - 0x00007ffee6418000 	C:\WINDOWS\System32\GDI32.dll
0x00007ffee41f0000 - 0x00007ffee4381000 	C:\WINDOWS\System32\gdi32full.dll
0x00007ffee3a40000 - 0x00007ffee3adf000 	C:\WINDOWS\System32\msvcp_win.dll
0x00007ffee4580000 - 0x00007ffee4678000 	C:\WINDOWS\System32\ucrtbase.dll
0x00007ffed4900000 - 0x00007ffed4b69000 	C:\WINDOWS\WinSxS\amd64_microsoft.windows.common-controls_6595b64144ccf1df_6.0.17134.829_none_fb46a5473061b9d5\COMCTL32.dll
0x00007ffee6870000 - 0x00007ffee6b92000 	C:\WINDOWS\System32\combase.dll
0x00007ffee3970000 - 0x00007ffee39ea000 	C:\WINDOWS\System32\bcryptPrimitives.dll
0x00007ffee6420000 - 0x00007ffee644d000 	C:\WINDOWS\System32\IMM32.DLL
0x000000006e910000 - 0x000000006e9e1000 	D:\java\jdk1.8.0_192\jre\bin\msvcr100.dll
0x000000006ce30000 - 0x000000006d6d3000 	D:\java\jdk1.8.0_192\jre\bin\server\jvm.dll
0x00007ffee6cf0000 - 0x00007ffee6cf8000 	C:\WINDOWS\System32\PSAPI.DLL
0x00007ffeda5d0000 - 0x00007ffeda5d9000 	C:\WINDOWS\SYSTEM32\WSOCK32.dll
0x00007ffee17d0000 - 0x00007ffee17f3000 	C:\WINDOWS\SYSTEM32\WINMM.dll
0x00007ffeda1f0000 - 0x00007ffeda1fa000 	C:\WINDOWS\SYSTEM32\VERSION.dll
0x00007ffee6800000 - 0x00007ffee686c000 	C:\WINDOWS\System32\WS2_32.dll
0x00007ffee16b0000 - 0x00007ffee16da000 	C:\WINDOWS\SYSTEM32\WINMMBASE.dll
0x00007ffee39f0000 - 0x00007ffee3a39000 	C:\WINDOWS\System32\cfgmgr32.dll
0x00007ffee1880000 - 0x00007ffee188f000 	D:\java\jdk1.8.0_192\jre\bin\verify.dll
0x00007ffede3a0000 - 0x00007ffede3c9000 	D:\java\jdk1.8.0_192\jre\bin\java.dll
0x00007ffecd420000 - 0x00007ffecd443000 	D:\java\jdk1.8.0_192\jre\bin\instrument.dll
0x00007ffedec40000 - 0x00007ffedec56000 	D:\java\jdk1.8.0_192\jre\bin\zip.dll
0x00007ffee47c0000 - 0x00007ffee5c00000 	C:\WINDOWS\System32\SHELL32.dll
0x00007ffee6ba0000 - 0x00007ffee6c49000 	C:\WINDOWS\System32\shcore.dll
0x00007ffee3ae0000 - 0x00007ffee41ed000 	C:\WINDOWS\System32\windows.storage.dll
0x00007ffee60c0000 - 0x00007ffee6111000 	C:\WINDOWS\System32\shlwapi.dll
0x00007ffee35e0000 - 0x00007ffee35f1000 	C:\WINDOWS\System32\kernel.appcore.dll
0x00007ffee35c0000 - 0x00007ffee35df000 	C:\WINDOWS\System32\profapi.dll
0x00007ffee3570000 - 0x00007ffee35bc000 	C:\WINDOWS\System32\powrprof.dll
0x00007ffee3560000 - 0x00007ffee356a000 	C:\WINDOWS\System32\FLTLIB.DLL
0x00007ffeda5e0000 - 0x00007ffeda5fa000 	D:\idea\IntelliJ IDEA 2018.3.3\bin\breakgen64.dll
0x00007ffecd6f0000 - 0x00007ffecd70a000 	D:\java\jdk1.8.0_192\jre\bin\net.dll
0x00007ffee2d30000 - 0x00007ffee2d96000 	C:\WINDOWS\system32\mswsock.dll
0x00007ffee30f0000 - 0x00007ffee3107000 	C:\WINDOWS\SYSTEM32\CRYPTSP.dll
0x00007ffee2930000 - 0x00007ffee2963000 	C:\WINDOWS\system32\rsaenh.dll
0x00007ffee30a0000 - 0x00007ffee30c5000 	C:\WINDOWS\SYSTEM32\bcrypt.dll
0x00007ffee3490000 - 0x00007ffee34b8000 	C:\WINDOWS\SYSTEM32\USERENV.dll
0x00007ffee2e90000 - 0x00007ffee2e9b000 	C:\WINDOWS\SYSTEM32\CRYPTBASE.dll
0x00007ffee2ad0000 - 0x00007ffee2b08000 	C:\WINDOWS\SYSTEM32\IPHLPAPI.DLL
0x00007ffee5c00000 - 0x00007ffee5c08000 	C:\WINDOWS\System32\NSI.dll
0x00007ffede610000 - 0x00007ffede626000 	C:\WINDOWS\SYSTEM32\dhcpcsvc6.DLL
0x00007ffede5a0000 - 0x00007ffede5ba000 	C:\WINDOWS\SYSTEM32\dhcpcsvc.DLL
0x00007ffecd6b0000 - 0x00007ffecd6c1000 	D:\java\jdk1.8.0_192\jre\bin\nio.dll
0x00007ffede390000 - 0x00007ffede39a000 	C:\Users\ADMIN\AppData\Local\Temp\jansi-1.17.1-7572820510937420105.dll
0x00007ffeda640000 - 0x00007ffeda64a000 	C:\Users\ADMIN\AppData\Local\Temp\jansi-1.17.1-4320189464035038194.dll
0x00007ffed7140000 - 0x00007ffed714d000 	D:\java\jdk1.8.0_192\jre\bin\management.dll
0x00007ffec47a0000 - 0x00007ffec47b6000 	C:\WINDOWS\system32\napinsp.dll
0x00007ffec4780000 - 0x00007ffec479a000 	C:\WINDOWS\system32\pnrpnsp.dll
0x00007ffee00d0000 - 0x00007ffee00e9000 	C:\WINDOWS\system32\NLAapi.dll
0x00007ffee2b10000 - 0x00007ffee2bce000 	C:\WINDOWS\SYSTEM32\DNSAPI.dll
0x00007ffec4770000 - 0x00007ffec477e000 	C:\WINDOWS\System32\winrnr.dll
0x00007ffeda3f0000 - 0x00007ffeda3fa000 	C:\Windows\System32\rasadhlp.dll
0x00007ffeda6a0000 - 0x00007ffeda712000 	C:\WINDOWS\System32\fwpuclnt.dll

VM Arguments:
jvm_args: -Dmaven.multiModuleProjectDirectory=D:\dawanjia_space\IdeaProjects\dtx -Dmaven.home=D:\maven\apache-maven-3.6.0 -Dclassworlds.conf=D:\maven\apache-maven-3.6.0\bin\m2.conf -javaagent:D:\idea\IntelliJ IDEA 2018.3.3\lib\idea_rt.jar=63731:D:\idea\IntelliJ IDEA 2018.3.3\bin -Dfile.encoding=UTF-8 
java_command: org.codehaus.classworlds.Launcher -Didea.version=2018.3.3 -s D:\maven\apache-maven-3.6.0\conf\settings.xml -Dmaven.repo.local=D:\maven_repository install
java_class_path (initial): D:\maven\apache-maven-3.6.0\boot\plexus-classworlds-2.5.2.jar;D:\idea\IntelliJ IDEA 2018.3.3\lib\idea_rt.jar
Launcher Type: SUN_STANDARD

Environment Variables:
JAVA_HOME=D:\java\jdk1.8.0_192
PATH=C:\Python27\;C:\Python27\Scripts;C:\ProgramData\DockerDesktop\version-bin;C:\Program Files\Docker\Docker\Resources\bin;D:\java\jdk1.8.0_192\bin;C:\Program Files (x86)\Common Files\Oracle\Java\javapath;C:\WINDOWS\system32;C:\WINDOWS;C:\WINDOWS\System32\Wbem;C:\WINDOWS\System32\WindowsPowerShell\v1.0\;C:\Program Files\TortoiseSVN\bin;D:\maven\apache-maven-3.6.0\bin;C:\Program Files\Git\cmd;C:\Program Files\MySQL\MySQL Utilities 1.6\;C:\Program Files\TortoiseGit\bin;C:\WINDOWS\System32\OpenSSH\;C:\Program Files (x86)\OpenVPN\bin;C:\Program Files\Redis\;C:\Users\ADMIN\AppData\Local\Microsoft\WindowsApps;;D:\fidder\Fiddler;%USERPROFILE%\AppData\Local\Microsoft\WindowsApps
USERNAME=ADMIN
OS=Windows_NT
PROCESSOR_IDENTIFIER=Intel64 Family 6 Model 158 Stepping 11, GenuineIntel



---------------  S Y S T E M  ---------------

OS: Windows 10.0 , 64 bit Build 17134 (10.0.17134.753)

CPU:total 4 (initial active 4) (4 cores per cpu, 1 threads per core) family 6 model 158 stepping 11, cmov, cx8, fxsr, mmx, sse, sse2, sse3, ssse3, sse4.1, sse4.2, popcnt, avx, avx2, aes, clmul, erms, 3dnowpref, lzcnt, tsc, tscinvbit, bmi1, bmi2, adx

Memory: 4k page, physical 8232116k(1411304k free), swap 18615596k(6128k free)

vm_info: Java HotSpot(TM) 64-Bit Server VM (25.192-b12) for windows-amd64 JRE (1.8.0_192-b12), built on Oct  6 2018 17:12:23 by "java_re" with MS VC++ 10.0 (VS2010)

time: Wed Jul 10 17:33:22 2019
timezone: 中国标准时间
elapsed time: 8 seconds (0d 0h 0m 8s)

