#
# There is insufficient memory for the Java Runtime Environment to continue.
# Native memory allocation (malloc) failed to allocate 1228016 bytes for Chunk::new
# Possible reasons:
#   The system is out of physical RAM or swap space
#   The process is running with CompressedOops enabled, and the Java Heap may be blocking the growth of the native heap
# Possible solutions:
#   Reduce memory load on the system
#   Increase physical memory or swap space
#   Check if swap backing store is full
#   Decrease Java heap size (-Xmx/-Xms)
#   Decrease number of Java threads
#   Decrease Java thread stack sizes (-Xss)
#   Set larger code cache with -XX:ReservedCodeCacheSize=
#   JVM is running with Unscaled Compressed Oops mode in which the Java heap is
#     placed in the first 4GB address space. The Java Heap base address is the
#     maximum limit for the native heap growth. Please use -XX:HeapBaseMinAddress
#     to set the Java Heap base and to place the Java Heap above 4GB virtual address.
# This output file may be truncated or incomplete.
#
#  Out of Memory Error (allocation.cpp:390), pid=26412, tid=0x00000000000003f0
#
# JRE version: Java(TM) SE Runtime Environment (8.0_192-b12) (build 1.8.0_192-b12)
# Java VM: Java HotSpot(TM) 64-Bit Server VM (25.192-b12 mixed mode windows-amd64 compressed oops)
# Failed to write core dump. Minidumps are not enabled by default on client versions of Windows
#

---------------  T H R E A D  ---------------

Current thread (0x00000000197bb000):  JavaThread "C2 CompilerThread0" daemon [_thread_in_native, id=1008, stack(0x0000000019e90000,0x0000000019f90000)]

Stack: [0x0000000019e90000,0x0000000019f90000]
[error occurred during error reporting (printing stack bounds), id 0xc0000005]

Native frames: (J=compiled Java code, j=interpreted, Vv=VM code, C=native code)


Current CompileTask:
C2: 306242 9283       4       org.apache.maven.model.io.xpp3.MavenXpp3ReaderEx::parseDeveloper (885 bytes)


---------------  P R O C E S S  ---------------

Java Threads: ( => current thread )
  0x000000001ed20000 JavaThread "Keep-Alive-Timer" daemon [_thread_blocked, id=2960, stack(0x0000000025920000,0x0000000025a20000)]
  0x0000000019854000 JavaThread "Service Thread" daemon [_thread_blocked, id=17168, stack(0x000000001a190000,0x000000001a290000)]
  0x00000000197c1800 JavaThread "C1 CompilerThread2" daemon [_thread_blocked, id=14888, stack(0x000000001a090000,0x000000001a190000)]
  0x00000000197c0000 JavaThread "C2 CompilerThread1" daemon [_thread_blocked, id=28252, stack(0x0000000019f90000,0x000000001a090000)]
=>0x00000000197bb000 JavaThread "C2 CompilerThread0" daemon [_thread_in_native, id=1008, stack(0x0000000019e90000,0x0000000019f90000)]
  0x00000000197b0000 JavaThread "Monitor Ctrl-Break" daemon [_thread_in_native, id=26316, stack(0x0000000019d90000,0x0000000019e90000)]
  0x0000000018430000 JavaThread "Attach Listener" daemon [_thread_blocked, id=13468, stack(0x0000000019c90000,0x0000000019d90000)]
  0x0000000019798800 JavaThread "Signal Dispatcher" daemon [_thread_blocked, id=18280, stack(0x0000000019b90000,0x0000000019c90000)]
  0x000000000396b000 JavaThread "Finalizer" daemon [_thread_blocked, id=22376, stack(0x0000000019690000,0x0000000019790000)]
  0x0000000003962000 JavaThread "Reference Handler" daemon [_thread_blocked, id=19976, stack(0x0000000019590000,0x0000000019690000)]
  0x000000000366e000 JavaThread "main" [_thread_in_native, id=12924, stack(0x0000000003670000,0x0000000003770000)]

Other Threads:
  0x00000000183e7800 VMThread [stack: 0x0000000019490000,0x0000000019590000] [id=720]
  0x0000000019888800 WatcherThread [stack: 0x000000001a290000,0x000000001a390000] [id=13712]

VM state:not at safepoint (normal execution)

VM Mutex/Monitor currently owned by a thread: None

heap address: 0x0000000082600000, size: 2010 MB, Compressed Oops mode: 32-bit
Narrow klass base: 0x0000000000000000, Narrow klass shift: 3
Compressed class space size: 1073741824 Address: 0x0000000100000000

Heap:
 PSYoungGen      total 549888K, used 29830K [0x00000000d6200000, 0x00000000f9a80000, 0x0000000100000000)
  eden space 517632K, 5% used [0x00000000d6200000,0x00000000d7f21b88,0x00000000f5b80000)
  from space 32256K, 0% used [0x00000000f5b80000,0x00000000f5b80000,0x00000000f7b00000)
  to   space 26112K, 0% used [0x00000000f8100000,0x00000000f8100000,0x00000000f9a80000)
 ParOldGen       total 119296K, used 67676K [0x0000000082600000, 0x0000000089a80000, 0x00000000d6200000)
  object space 119296K, 56% used [0x0000000082600000,0x0000000086817280,0x0000000089a80000)
 Metaspace       used 56922K, capacity 59154K, committed 59416K, reserved 1101824K
  class space    used 6915K, capacity 7649K, committed 7728K, reserved 1048576K

Card table byte_map: [0x0000000012d30000,0x0000000013120000] byte_map_base: 0x000000001291d000

Marking Bits: (ParMarkBitMap*) 0x000000006d653ce0
 Begin Bits: [0x00000000137c0000, 0x0000000015728000)
 End Bits:   [0x0000000015728000, 0x0000000017690000)

Polling page: 0x00000000019d0000

CodeCache: size=245760Kb used=29690Kb max_used=30298Kb free=216069Kb
 bounds [0x0000000003970000, 0x0000000005760000, 0x0000000012970000]
 total_blobs=7806 nmethods=7327 adapters=390
 compilation: enabled

Compilation events (10 events):
Event: 301.629 Thread 0x00000000197c0000 nmethod 9278 0x0000000004997890 code [0x00000000049979e0, 0x0000000004997e18]
Event: 303.359 Thread 0x00000000197bb000 9279       4       sun.net.www.HeaderParser::findValue (66 bytes)
Event: 303.363 Thread 0x00000000197bb000 nmethod 9279 0x00000000040ae550 code [0x00000000040ae6a0, 0x00000000040aea88]
Event: 303.404 Thread 0x00000000197c0000 9280       4       org.eclipse.aether.util.ChecksumUtils::toHexString (81 bytes)
Event: 303.418 Thread 0x00000000197c0000 nmethod 9280 0x0000000003ca0fd0 code [0x0000000003ca1160, 0x0000000003ca20f8]
Event: 305.080 Thread 0x00000000197bb000 9281       4       sun.nio.ch.FileDispatcherImpl::release (8 bytes)
Event: 305.080 Thread 0x00000000197bb000 nmethod 9281 0x00000000044a5990 code [0x00000000044a5ae0, 0x00000000044a5b68]
Event: 305.476 Thread 0x00000000197c0000 9282       4       sun.misc.FloatingDecimal$BinaryToASCIIBuffer::getChars (502 bytes)
Event: 305.480 Thread 0x00000000197c0000 nmethod 9282 0x000000000474c110 code [0x000000000474c280, 0x000000000474c878]
Event: 306.092 Thread 0x00000000197bb000 9283       4       org.apache.maven.model.io.xpp3.MavenXpp3ReaderEx::parseDeveloper (885 bytes)

GC Heap History (10 events):
Event: 217.925 GC heap before
{Heap before GC invocations=18 (full 2):
 PSYoungGen      total 427520K, used 427506K [0x00000000d6200000, 0x00000000f6a00000, 0x0000000100000000)
  eden space 407552K, 100% used [0x00000000d6200000,0x00000000ef000000,0x00000000ef000000)
  from space 19968K, 99% used [0x00000000ef000000,0x00000000f037c970,0x00000000f0380000)
  to   space 23552K, 0% used [0x00000000f5300000,0x00000000f5300000,0x00000000f6a00000)
 ParOldGen       total 119296K, used 46528K [0x0000000082600000, 0x0000000089a80000, 0x00000000d6200000)
  object space 119296K, 39% used [0x0000000082600000,0x00000000853700b8,0x0000000089a80000)
 Metaspace       used 50463K, capacity 52390K, committed 52520K, reserved 1095680K
  class space    used 6054K, capacity 6691K, committed 6704K, reserved 1048576K
Event: 217.958 GC heap after
Heap after GC invocations=18 (full 2):
 PSYoungGen      total 502272K, used 23531K [0x00000000d6200000, 0x00000000f6f80000, 0x0000000100000000)
  eden space 478720K, 0% used [0x00000000d6200000,0x00000000d6200000,0x00000000f3580000)
  from space 23552K, 99% used [0x00000000f5300000,0x00000000f69fae60,0x00000000f6a00000)
  to   space 29696K, 0% used [0x00000000f3580000,0x00000000f3580000,0x00000000f5280000)
 ParOldGen       total 119296K, used 55072K [0x0000000082600000, 0x0000000089a80000, 0x00000000d6200000)
  object space 119296K, 46% used [0x0000000082600000,0x0000000085bc82c8,0x0000000089a80000)
 Metaspace       used 50463K, capacity 52390K, committed 52520K, reserved 1095680K
  class space    used 6054K, capacity 6691K, committed 6704K, reserved 1048576K
}
Event: 249.582 GC heap before
{Heap before GC invocations=19 (full 2):
 PSYoungGen      total 502272K, used 502251K [0x00000000d6200000, 0x00000000f6f80000, 0x0000000100000000)
  eden space 478720K, 100% used [0x00000000d6200000,0x00000000f3580000,0x00000000f3580000)
  from space 23552K, 99% used [0x00000000f5300000,0x00000000f69fae60,0x00000000f6a00000)
  to   space 29696K, 0% used [0x00000000f3580000,0x00000000f3580000,0x00000000f5280000)
 ParOldGen       total 119296K, used 55072K [0x0000000082600000, 0x0000000089a80000, 0x00000000d6200000)
  object space 119296K, 46% used [0x0000000082600000,0x0000000085bc82c8,0x0000000089a80000)
 Metaspace       used 52098K, capacity 54138K, committed 54312K, reserved 1097728K
  class space    used 6274K, capacity 6933K, committed 6960K, reserved 1048576K
Event: 249.606 GC heap after
Heap after GC invocations=19 (full 2):
 PSYoungGen      total 508416K, used 20486K [0x00000000d6200000, 0x00000000f9e80000, 0x0000000100000000)
  eden space 478720K, 0% used [0x00000000d6200000,0x00000000d6200000,0x00000000f3580000)
  from space 29696K, 68% used [0x00000000f3580000,0x00000000f4981a68,0x00000000f5280000)
  to   space 30208K, 0% used [0x00000000f8100000,0x00000000f8100000,0x00000000f9e80000)
 ParOldGen       total 119296K, used 56870K [0x0000000082600000, 0x0000000089a80000, 0x00000000d6200000)
  object space 119296K, 47% used [0x0000000082600000,0x0000000085d89960,0x0000000089a80000)
 Metaspace       used 52098K, capacity 54138K, committed 54312K, reserved 1097728K
  class space    used 6274K, capacity 6933K, committed 6960K, reserved 1048576K
}
Event: 278.617 GC heap before
{Heap before GC invocations=20 (full 2):
 PSYoungGen      total 508416K, used 499206K [0x00000000d6200000, 0x00000000f9e80000, 0x0000000100000000)
  eden space 478720K, 100% used [0x00000000d6200000,0x00000000f3580000,0x00000000f3580000)
  from space 29696K, 68% used [0x00000000f3580000,0x00000000f4981a68,0x00000000f5280000)
  to   space 30208K, 0% used [0x00000000f8100000,0x00000000f8100000,0x00000000f9e80000)
 ParOldGen       total 119296K, used 56870K [0x0000000082600000, 0x0000000089a80000, 0x00000000d6200000)
  object space 119296K, 47% used [0x0000000082600000,0x0000000085d89960,0x0000000089a80000)
 Metaspace       used 53840K, capacity 55924K, committed 56104K, reserved 1097728K
  class space    used 6509K, capacity 7208K, committed 7216K, reserved 1048576K
Event: 278.635 GC heap after
Heap after GC invocations=20 (full 2):
 PSYoungGen      total 543744K, used 24030K [0x00000000d6200000, 0x00000000f9a80000, 0x0000000100000000)
  eden space 517632K, 0% used [0x00000000d6200000,0x00000000d6200000,0x00000000f5b80000)
  from space 26112K, 92% used [0x00000000f8100000,0x00000000f98778f8,0x00000000f9a80000)
  to   space 32256K, 0% used [0x00000000f5b80000,0x00000000f5b80000,0x00000000f7b00000)
 ParOldGen       total 119296K, used 56878K [0x0000000082600000, 0x0000000089a80000, 0x00000000d6200000)
  object space 119296K, 47% used [0x0000000082600000,0x0000000085d8b960,0x0000000089a80000)
 Metaspace       used 53840K, capacity 55924K, committed 56104K, reserved 1097728K
  class space    used 6509K, capacity 7208K, committed 7216K, reserved 1048576K
}
Event: 300.811 GC heap before
{Heap before GC invocations=21 (full 2):
 PSYoungGen      total 543744K, used 392195K [0x00000000d6200000, 0x00000000f9a80000, 0x0000000100000000)
  eden space 517632K, 71% used [0x00000000d6200000,0x00000000ec9895b0,0x00000000f5b80000)
  from space 26112K, 92% used [0x00000000f8100000,0x00000000f98778f8,0x00000000f9a80000)
  to   space 32256K, 0% used [0x00000000f5b80000,0x00000000f5b80000,0x00000000f7b00000)
 ParOldGen       total 119296K, used 56878K [0x0000000082600000, 0x0000000089a80000, 0x00000000d6200000)
  object space 119296K, 47% used [0x0000000082600000,0x0000000085d8b960,0x0000000089a80000)
 Metaspace       used 56789K, capacity 59016K, committed 59160K, reserved 1101824K
  class space    used 6886K, capacity 7648K, committed 7728K, reserved 1048576K
Event: 300.834 GC heap after
Heap after GC invocations=21 (full 2):
 PSYoungGen      total 549888K, used 27550K [0x00000000d6200000, 0x00000000f9a80000, 0x0000000100000000)
  eden space 517632K, 0% used [0x00000000d6200000,0x00000000d6200000,0x00000000f5b80000)
  from space 32256K, 85% used [0x00000000f5b80000,0x00000000f76679d8,0x00000000f7b00000)
  to   space 26112K, 0% used [0x00000000f8100000,0x00000000f8100000,0x00000000f9a80000)
 ParOldGen       total 119296K, used 56886K [0x0000000082600000, 0x0000000089a80000, 0x00000000d6200000)
  object space 119296K, 47% used [0x0000000082600000,0x0000000085d8d960,0x0000000089a80000)
 Metaspace       used 56789K, capacity 59016K, committed 59160K, reserved 1101824K
  class space    used 6886K, capacity 7648K, committed 7728K, reserved 1048576K
}
Event: 300.835 GC heap before
{Heap before GC invocations=22 (full 3):
 PSYoungGen      total 549888K, used 27550K [0x00000000d6200000, 0x00000000f9a80000, 0x0000000100000000)
  eden space 517632K, 0% used [0x00000000d6200000,0x00000000d6200000,0x00000000f5b80000)
  from space 32256K, 85% used [0x00000000f5b80000,0x00000000f76679d8,0x00000000f7b00000)
  to   space 26112K, 0% used [0x00000000f8100000,0x00000000f8100000,0x00000000f9a80000)
 ParOldGen       total 119296K, used 56886K [0x0000000082600000, 0x0000000089a80000, 0x00000000d6200000)
  object space 119296K, 47% used [0x0000000082600000,0x0000000085d8d960,0x0000000089a80000)
 Metaspace       used 56789K, capacity 59016K, committed 59160K, reserved 1101824K
  class space    used 6886K, capacity 7648K, committed 7728K, reserved 1048576K
Event: 301.190 GC heap after
Heap after GC invocations=22 (full 3):
 PSYoungGen      total 549888K, used 0K [0x00000000d6200000, 0x00000000f9a80000, 0x0000000100000000)
  eden space 517632K, 0% used [0x00000000d6200000,0x00000000d6200000,0x00000000f5b80000)
  from space 32256K, 0% used [0x00000000f5b80000,0x00000000f5b80000,0x00000000f7b00000)
  to   space 26112K, 0% used [0x00000000f8100000,0x00000000f8100000,0x00000000f9a80000)
 ParOldGen       total 119296K, used 67676K [0x0000000082600000, 0x0000000089a80000, 0x00000000d6200000)
  object space 119296K, 56% used [0x0000000082600000,0x0000000086817280,0x0000000089a80000)
 Metaspace       used 56789K, capacity 59016K, committed 59160K, reserved 1101824K
  class space    used 6886K, capacity 7648K, committed 7728K, reserved 1048576K
}

Deoptimization events (10 events):
Event: 257.458 Thread 0x000000000366e000 Uncommon trap: reason=array_check action=maybe_recompile pc=0x00000000040bb458 method=java.util.TimSort.reverseRange([Ljava/lang/Object;II)V @ 20
Event: 280.615 Thread 0x000000000366e000 Uncommon trap: reason=unstable_if action=reinterpret pc=0x00000000050128fc method=org.apache.maven.model.validation.DefaultModelValidator.validate20RawDependencies(Lorg/apache/maven/model/building/ModelProblemCollector;Ljava/util/List;Ljava/lang/String;Lo
Event: 281.201 Thread 0x000000000366e000 Uncommon trap: reason=unstable_if action=reinterpret pc=0x000000000436c4bc method=org.codehaus.plexus.util.xml.pull.MXParser.parseAttribute()C @ 1002
Event: 281.202 Thread 0x000000000366e000 Uncommon trap: reason=range_check action=make_not_entrant pc=0x0000000004e9e0dc method=java.lang.String.charAt(I)C @ 27
Event: 285.366 Thread 0x000000000366e000 Uncommon trap: reason=class_check action=maybe_recompile pc=0x00000000052328ac method=org.apache.maven.model.building.DefaultModelBuilder.importDependencyManagement(Lorg/apache/maven/model/Model;Lorg/apache/maven/model/building/ModelBuildingRequest;Lorg/a
Event: 285.977 Thread 0x000000000366e000 Uncommon trap: reason=class_check action=maybe_recompile pc=0x00000000052328ac method=org.apache.maven.model.building.DefaultModelBuilder.importDependencyManagement(Lorg/apache/maven/model/Model;Lorg/apache/maven/model/building/ModelBuildingRequest;Lorg/a
Event: 293.456 Thread 0x000000001ed21000 Uncommon trap: reason=class_check action=maybe_recompile pc=0x0000000004541dac method=java.util.HashMap.removeNode(ILjava/lang/Object;Ljava/lang/Object;ZZ)Ljava/util/HashMap$Node; @ 68
Event: 294.551 Thread 0x000000000366e000 Uncommon trap: reason=array_check action=maybe_recompile pc=0x000000000429f604 method=java.util.TimSort.reverseRange([Ljava/lang/Object;II)V @ 27
Event: 294.552 Thread 0x000000000366e000 Uncommon trap: reason=array_check action=maybe_recompile pc=0x000000000429f604 method=java.util.TimSort.reverseRange([Ljava/lang/Object;II)V @ 27
Event: 294.615 Thread 0x000000000366e000 Uncommon trap: reason=class_check action=maybe_recompile pc=0x0000000004926564 method=com.google.inject.internal.MoreTypes.equals(Ljava/lang/reflect/Type;Ljava/lang/reflect/Type;)Z @ 21

Classes redefined (0 events):
No events

Internal exceptions (10 events):
Event: 306.093 Thread 0x000000000366e000 Implicit null exception at 0x0000000004db9b41 to 0x0000000004dbd018
Event: 306.093 Thread 0x000000000366e000 Exception <a 'java/lang/NullPointerException'> (0x00000000d7bffa68) thrown at [C:\workspace\8-2-build-windows-amd64-cygwin\jdk8u192\11897\hotspot\src\share\vm\runtime\sharedRuntime.cpp, line 605]
Event: 306.093 Thread 0x000000000366e000 Implicit null exception at 0x0000000004db9b41 to 0x0000000004dbd018
Event: 306.093 Thread 0x000000000366e000 Exception <a 'java/lang/NullPointerException'> (0x00000000d7bffe68) thrown at [C:\workspace\8-2-build-windows-amd64-cygwin\jdk8u192\11897\hotspot\src\share\vm\runtime\sharedRuntime.cpp, line 605]
Event: 306.093 Thread 0x000000000366e000 Implicit null exception at 0x0000000004db9b41 to 0x0000000004dbd018
Event: 306.093 Thread 0x000000000366e000 Exception <a 'java/lang/NullPointerException'> (0x00000000d7c008e8) thrown at [C:\workspace\8-2-build-windows-amd64-cygwin\jdk8u192\11897\hotspot\src\share\vm\runtime\sharedRuntime.cpp, line 605]
Event: 306.093 Thread 0x000000000366e000 Implicit null exception at 0x0000000004db9b41 to 0x0000000004dbd018
Event: 306.093 Thread 0x000000000366e000 Exception <a 'java/lang/NullPointerException'> (0x00000000d7c00ce8) thrown at [C:\workspace\8-2-build-windows-amd64-cygwin\jdk8u192\11897\hotspot\src\share\vm\runtime\sharedRuntime.cpp, line 605]
Event: 306.093 Thread 0x000000000366e000 Implicit null exception at 0x0000000004db9b41 to 0x0000000004dbd018
Event: 306.093 Thread 0x000000000366e000 Exception <a 'java/lang/NullPointerException'> (0x00000000d7c010e8) thrown at [C:\workspace\8-2-build-windows-amd64-cygwin\jdk8u192\11897\hotspot\src\share\vm\runtime\sharedRuntime.cpp, line 605]

Events (10 events):
Event: 301.465 Executing VM operation: RevokeBias
Event: 301.465 Executing VM operation: RevokeBias done
Event: 301.650 Executing VM operation: RevokeBias
Event: 301.651 Executing VM operation: RevokeBias done
Event: 301.791 Executing VM operation: RevokeBias
Event: 301.791 Executing VM operation: RevokeBias done
Event: 301.972 Executing VM operation: RevokeBias
Event: 301.972 Executing VM operation: RevokeBias done
Event: 303.792 Executing VM operation: RevokeBias
Event: 303.792 Executing VM operation: RevokeBias done


Dynamic libraries:
0x00007ff6357a0000 - 0x00007ff6357d7000 	D:\java\jdk1.8.0_192\bin\java.exe
0x00007ffee7250000 - 0x00007ffee7431000 	C:\WINDOWS\SYSTEM32\ntdll.dll
0x00007ffee46e0000 - 0x00007ffee4791000 	C:\WINDOWS\System32\KERNEL32.DLL
0x00007ffee3620000 - 0x00007ffee3893000 	C:\WINDOWS\System32\KERNELBASE.dll
0x00007ffee6f30000 - 0x00007ffee6fd1000 	C:\WINDOWS\System32\ADVAPI32.dll
0x00007ffee6e90000 - 0x00007ffee6f2e000 	C:\WINDOWS\System32\msvcrt.dll
0x00007ffee6450000 - 0x00007ffee64ab000 	C:\WINDOWS\System32\sechost.dll
0x00007ffee62c0000 - 0x00007ffee63e4000 	C:\WINDOWS\System32\RPCRT4.dll
0x00007ffee6d00000 - 0x00007ffee6e90000 	C:\WINDOWS\System32\USER32.dll
0x00007ffee3950000 - 0x00007ffee3970000 	C:\WINDOWS\System32\win32u.dll
0x00007ffee63f0000 - 0x00007ffee6418000 	C:\WINDOWS\System32\GDI32.dll
0x00007ffee41f0000 - 0x00007ffee4381000 	C:\WINDOWS\System32\gdi32full.dll
0x00007ffee3a40000 - 0x00007ffee3adf000 	C:\WINDOWS\System32\msvcp_win.dll
0x00007ffee4580000 - 0x00007ffee4678000 	C:\WINDOWS\System32\ucrtbase.dll
0x00007ffed4900000 - 0x00007ffed4b69000 	C:\WINDOWS\WinSxS\amd64_microsoft.windows.common-controls_6595b64144ccf1df_6.0.17134.829_none_fb46a5473061b9d5\COMCTL32.dll
0x00007ffee6870000 - 0x00007ffee6b92000 	C:\WINDOWS\System32\combase.dll
0x00007ffee3970000 - 0x00007ffee39ea000 	C:\WINDOWS\System32\bcryptPrimitives.dll
0x00007ffee6420000 - 0x00007ffee644d000 	C:\WINDOWS\System32\IMM32.DLL
0x000000006e910000 - 0x000000006e9e1000 	D:\java\jdk1.8.0_192\jre\bin\msvcr100.dll
0x000000006ce30000 - 0x000000006d6d3000 	D:\java\jdk1.8.0_192\jre\bin\server\jvm.dll
0x00007ffee6cf0000 - 0x00007ffee6cf8000 	C:\WINDOWS\System32\PSAPI.DLL
0x00007ffeda1f0000 - 0x00007ffeda1fa000 	C:\WINDOWS\SYSTEM32\VERSION.dll
0x00007ffee17d0000 - 0x00007ffee17f3000 	C:\WINDOWS\SYSTEM32\WINMM.dll
0x00007ffeda5d0000 - 0x00007ffeda5d9000 	C:\WINDOWS\SYSTEM32\WSOCK32.dll
0x00007ffee6800000 - 0x00007ffee686c000 	C:\WINDOWS\System32\WS2_32.dll
0x00007ffee16b0000 - 0x00007ffee16da000 	C:\WINDOWS\SYSTEM32\winmmbase.dll
0x00007ffee39f0000 - 0x00007ffee3a39000 	C:\WINDOWS\System32\cfgmgr32.dll
0x00007ffee1880000 - 0x00007ffee188f000 	D:\java\jdk1.8.0_192\jre\bin\verify.dll
0x00007ffede3a0000 - 0x00007ffede3c9000 	D:\java\jdk1.8.0_192\jre\bin\java.dll
0x00007ffecd420000 - 0x00007ffecd443000 	D:\java\jdk1.8.0_192\jre\bin\instrument.dll
0x00007ffedec40000 - 0x00007ffedec56000 	D:\java\jdk1.8.0_192\jre\bin\zip.dll
0x00007ffee47c0000 - 0x00007ffee5c00000 	C:\WINDOWS\System32\SHELL32.dll
0x00007ffee6ba0000 - 0x00007ffee6c49000 	C:\WINDOWS\System32\shcore.dll
0x00007ffee3ae0000 - 0x00007ffee41ed000 	C:\WINDOWS\System32\windows.storage.dll
0x00007ffee60c0000 - 0x00007ffee6111000 	C:\WINDOWS\System32\shlwapi.dll
0x00007ffee35e0000 - 0x00007ffee35f1000 	C:\WINDOWS\System32\kernel.appcore.dll
0x00007ffee35c0000 - 0x00007ffee35df000 	C:\WINDOWS\System32\profapi.dll
0x00007ffee3570000 - 0x00007ffee35bc000 	C:\WINDOWS\System32\powrprof.dll
0x00007ffee3560000 - 0x00007ffee356a000 	C:\WINDOWS\System32\FLTLIB.DLL
0x00007ffecd6d0000 - 0x00007ffecd6ea000 	D:\idea\IntelliJ IDEA 2018.3.3\bin\breakgen64.dll
0x00007ffecd6f0000 - 0x00007ffecd70a000 	D:\java\jdk1.8.0_192\jre\bin\net.dll
0x00007ffee2d30000 - 0x00007ffee2d96000 	C:\WINDOWS\system32\mswsock.dll
0x00007ffee30f0000 - 0x00007ffee3107000 	C:\WINDOWS\SYSTEM32\CRYPTSP.dll
0x00007ffee2930000 - 0x00007ffee2963000 	C:\WINDOWS\system32\rsaenh.dll
0x00007ffee30a0000 - 0x00007ffee30c5000 	C:\WINDOWS\SYSTEM32\bcrypt.dll
0x00007ffee3490000 - 0x00007ffee34b8000 	C:\WINDOWS\SYSTEM32\USERENV.dll
0x00007ffee2e90000 - 0x00007ffee2e9b000 	C:\WINDOWS\SYSTEM32\CRYPTBASE.dll
0x00007ffee2ad0000 - 0x00007ffee2b08000 	C:\WINDOWS\SYSTEM32\IPHLPAPI.DLL
0x00007ffee5c00000 - 0x00007ffee5c08000 	C:\WINDOWS\System32\NSI.dll
0x00007ffede610000 - 0x00007ffede626000 	C:\WINDOWS\SYSTEM32\dhcpcsvc6.DLL
0x00007ffede5a0000 - 0x00007ffede5ba000 	C:\WINDOWS\SYSTEM32\dhcpcsvc.DLL
0x00007ffecd6b0000 - 0x00007ffecd6c1000 	D:\java\jdk1.8.0_192\jre\bin\nio.dll
0x00007ffeda640000 - 0x00007ffeda64a000 	C:\Users\ADMIN\AppData\Local\Temp\jansi-1.17.1-258883485318887901.dll
0x00007ffeda570000 - 0x00007ffeda57a000 	C:\Users\ADMIN\AppData\Local\Temp\jansi-1.17.1-2815595890354828381.dll
0x00007ffeccf50000 - 0x00007ffeccf74000 	D:\java\jdk1.8.0_192\jre\bin\sunec.dll
0x00007ffee2b10000 - 0x00007ffee2bce000 	C:\WINDOWS\SYSTEM32\DNSAPI.dll
0x00007ffeda3f0000 - 0x00007ffeda3fa000 	C:\Windows\System32\rasadhlp.dll
0x00007ffeda6a0000 - 0x00007ffeda712000 	C:\WINDOWS\System32\fwpuclnt.dll
0x00007ffecd670000 - 0x00007ffecd67b000 	D:\java\jdk1.8.0_192\jre\bin\sunmscapi.dll
0x00007ffee4390000 - 0x00007ffee4572000 	C:\WINDOWS\System32\CRYPT32.dll
0x00007ffee3600000 - 0x00007ffee3612000 	C:\WINDOWS\System32\MSASN1.dll

VM Arguments:
jvm_args: -Dmaven.multiModuleProjectDirectory=D:\dawanjia_space\IdeaProjects\dtx -Dmaven.home=D:\maven\apache-maven-3.6.0 -Dclassworlds.conf=D:\maven\apache-maven-3.6.0\bin\m2.conf -javaagent:D:\idea\IntelliJ IDEA 2018.3.3\lib\idea_rt.jar=50965:D:\idea\IntelliJ IDEA 2018.3.3\bin -Dfile.encoding=UTF-8 
java_command: org.codehaus.classworlds.Launcher -Didea.version=2018.3.3 -s D:\maven\apache-maven-3.6.0\conf\settings.xml -Dmaven.repo.local=D:\maven_repository site
java_class_path (initial): D:\maven\apache-maven-3.6.0\boot\plexus-classworlds-2.5.2.jar;D:\idea\IntelliJ IDEA 2018.3.3\lib\idea_rt.jar
Launcher Type: SUN_STANDARD

Environment Variables:
JAVA_HOME=D:\java\jdk1.8.0_192
PATH=C:\Python27\;C:\Python27\Scripts;C:\ProgramData\DockerDesktop\version-bin;C:\Program Files\Docker\Docker\Resources\bin;D:\java\jdk1.8.0_192\bin;C:\Program Files (x86)\Common Files\Oracle\Java\javapath;C:\WINDOWS\system32;C:\WINDOWS;C:\WINDOWS\System32\Wbem;C:\WINDOWS\System32\WindowsPowerShell\v1.0\;C:\Program Files\TortoiseSVN\bin;D:\maven\apache-maven-3.6.0\bin;C:\Program Files\Git\cmd;C:\Program Files\MySQL\MySQL Utilities 1.6\;C:\Program Files\TortoiseGit\bin;C:\WINDOWS\System32\OpenSSH\;C:\Program Files (x86)\OpenVPN\bin;C:\Program Files\Redis\;C:\Users\ADMIN\AppData\Local\Microsoft\WindowsApps;;D:\fidder\Fiddler;%USERPROFILE%\AppData\Local\Microsoft\WindowsApps
USERNAME=ADMIN
OS=Windows_NT
PROCESSOR_IDENTIFIER=Intel64 Family 6 Model 158 Stepping 11, GenuineIntel



---------------  S Y S T E M  ---------------

OS: Windows 10.0 , 64 bit Build 17134 (10.0.17134.753)

CPU:total 4 (initial active 4) (4 cores per cpu, 1 threads per core) family 6 model 158 stepping 11, cmov, cx8, fxsr, mmx, sse, sse2, sse3, ssse3, sse4.1, sse4.2, popcnt, avx, avx2, aes, clmul, erms, 3dnowpref, lzcnt, tsc, tscinvbit, bmi1, bmi2, adx

Memory: 4k page, physical 8232116k(458820k free), swap 18615596k(5164k free)

vm_info: Java HotSpot(TM) 64-Bit Server VM (25.192-b12) for windows-amd64 JRE (1.8.0_192-b12), built on Oct  6 2018 17:12:23 by "java_re" with MS VC++ 10.0 (VS2010)

time: Thu Jul 11 09:54:49 2019
timezone: 中国标准时间
elapsed time: 306 seconds (0d 0h 5m 6s)

